<?xml version="1.0" encoding="UTF-8"?>
<!-- Generated by org.testng.reporters.JUnitReportReporter -->
<testsuite hostname="Nikhil-PC" failures="0" tests="2" name="com.demoshopqa.tests.OrderConfirmationTest" time="54.532" errors="0" timestamp="2023-01-02T20:43:30 IST" skipped="0">
  <testcase classname="com.demoshopqa.tests.OrderConfirmationTest" name="CheckWhethererTheOrderID" time="27.470"/>
  <system-out/>
  <testcase classname="com.demoshopqa.tests.OrderConfirmationTest" name="VerifyTheOrderConfimration" time="27.062"/>
  <system-out/>
</testsuite> <!-- com.demoshopqa.tests.OrderConfirmationTest -->
