<?xml version="1.0" encoding="UTF-8"?>
<!-- Generated by org.testng.reporters.JUnitReportReporter -->
<testsuite hostname="Nikhil-PC" failures="0" tests="1" name="com.demoshopqa.tests.AddToCartTest" time="17.304" errors="0" timestamp="2022-12-31T20:02:12 IST" skipped="0">
  <testcase classname="com.demoshopqa.tests.AddToCartTest" name="VerifyAddtocart" time="17.304"/>
  <system-out/>
</testsuite> <!-- com.demoshopqa.tests.AddToCartTest -->
