<?xml version="1.0" encoding="UTF-8"?>
<!-- Generated by org.testng.reporters.JUnitReportReporter -->
<testsuite hostname="Nikhil-PC" failures="0" tests="2" name="com.demoshopqa.tests.IndexPageTest" time="18.461" errors="0" timestamp="2022-12-30T18:26:40 IST" skipped="0">
  <testcase classname="com.demoshopqa.tests.IndexPageTest" name="verifylogo" time="12.460"/>
  <system-out/>
  <testcase classname="com.demoshopqa.tests.IndexPageTest" name="verifytitle" time="6.001"/>
  <system-out/>
</testsuite> <!-- com.demoshopqa.tests.IndexPageTest -->
