<?xml version="1.0" encoding="UTF-8"?>
<!-- Generated by org.testng.reporters.JUnitReportReporter -->
<testsuite hostname="Nikhil-PC" failures="0" tests="1" name="com.demoshopqa.tests.CheckoutPageTest" time="33.938" errors="0" timestamp="2023-02-18T23:07:26 IST" skipped="0">
  <testcase classname="com.demoshopqa.tests.CheckoutPageTest" name="VerifyTheCheckout" time="33.938"/>
  <system-out/>
</testsuite> <!-- com.demoshopqa.tests.CheckoutPageTest -->
