<?xml version="1.0" encoding="UTF-8"?>
<!-- Generated by org.testng.reporters.JUnitReportReporter -->
<testsuite hostname="Nikhil-PC" failures="0" tests="1" name="com.demoshopqa.tests.HomePageTest" time="16.389" errors="0" timestamp="2022-12-30T22:37:04 IST" skipped="0">
  <testcase classname="com.demoshopqa.tests.HomePageTest" name="verifytheorder" time="16.389"/>
  <system-out/>
</testsuite> <!-- com.demoshopqa.tests.HomePageTest -->
