<?xml version="1.0" encoding="UTF-8"?>
<!-- Generated by org.testng.reporters.JUnitReportReporter -->
<testsuite hostname="Nikhil-PC" failures="0" tests="1" name="com.demoshopqa.tests.EndToEndtest" time="31.463" errors="0" timestamp="2023-02-18T23:53:36 IST" skipped="0">
  <testcase classname="com.demoshopqa.tests.EndToEndtest" name="EndtoEndTest" time="31.463"/>
  <system-out/>
</testsuite> <!-- com.demoshopqa.tests.EndToEndtest -->
