<?xml version="1.0" encoding="UTF-8"?>
<!-- Generated by org.testng.reporters.JUnitReportReporter -->
<testsuite hostname="Nikhil-PC" failures="0" tests="1" name="com.demoshopqa.tests.CheckoutPageTest" time="16.887" errors="0" timestamp="2023-01-01T15:08:30 IST" skipped="0">
  <testcase classname="com.demoshopqa.tests.CheckoutPageTest" name="VerifyTheCheckout" time="16.887"/>
  <system-out/>
</testsuite> <!-- com.demoshopqa.tests.CheckoutPageTest -->
