<?xml version="1.0" encoding="UTF-8"?>
<!-- Generated by org.testng.reporters.JUnitReportReporter -->
<testsuite hostname="Nikhil-PC" failures="0" tests="1" name="com.demoshopqa.tests.CartPageTest" time="21.049" errors="0" timestamp="2023-01-01T12:07:48 IST" skipped="0">
  <testcase classname="com.demoshopqa.tests.CartPageTest" name="verifythePrice" time="21.049"/>
  <system-out/>
</testsuite> <!-- com.demoshopqa.tests.CartPageTest -->
