<?xml version="1.0" encoding="UTF-8"?>
<!-- Generated by org.testng.reporters.JUnitReportReporter -->
<testsuite hostname="Nikhil-PC" failures="0" tests="1" name="com.demoshopqa.tests.AddToCartTest" time="18.444" errors="0" timestamp="2023-01-01T12:10:27 IST" skipped="0">
  <testcase classname="com.demoshopqa.tests.AddToCartTest" name="VerifyAddtocart" time="18.444"/>
  <system-out/>
</testsuite> <!-- com.demoshopqa.tests.AddToCartTest -->
